2026-03-11T17:25:49.509Z	Initializing build environment...
2026-03-11T17:25:51.858Z	Success: Finished initializing build environment
2026-03-11T17:25:52.677Z	Cloning repository...
2026-03-11T17:25:54.310Z	Restoring from dependencies cache
2026-03-11T17:25:54.313Z	Restoring from build output cache
2026-03-11T17:25:54.317Z	Detected the following tools from environment: npm@10.9.2, nodejs@22.16.0
2026-03-11T17:25:54.433Z	Installing project dependencies: npm clean-install --progress=false
2026-03-11T17:26:00.517Z	npm warn deprecated rimraf@3.0.2: Rimraf versions prior to v4 are no longer supported
2026-03-11T17:26:10.394Z	npm warn deprecated inflight@1.0.6: This module is not supported, and leaks memory. Do not use it. Check out lru-cache if you want a good and tested way to coalesce async requests by a key value, which is much more comprehensive and powerful.
2026-03-11T17:26:12.545Z	npm warn deprecated eslint@8.57.1: This version is no longer supported. Please see https://eslint.org/version-support for other options.
2026-03-11T17:26:14.556Z	npm warn deprecated @humanwhocodes/object-schema@2.0.3: Use @eslint/object-schema instead
2026-03-11T17:26:14.586Z	npm warn deprecated @humanwhocodes/config-array@0.13.0: Use @eslint/config-array instead
2026-03-11T17:26:15.917Z	npm warn deprecated glob@7.2.3: Glob versions prior to v9 are no longer supported
2026-03-11T17:26:21.345Z	
2026-03-11T17:26:21.346Z	added 588 packages, and audited 589 packages in 26s
2026-03-11T17:26:21.346Z	
2026-03-11T17:26:21.346Z	178 packages are looking for funding
2026-03-11T17:26:21.346Z	  run `npm fund` for details
2026-03-11T17:26:21.482Z	
2026-03-11T17:26:21.482Z	4 vulnerabilities (3 high, 1 critical)
2026-03-11T17:26:21.483Z	
2026-03-11T17:26:21.483Z	To address all issues (including breaking changes), run:
2026-03-11T17:26:21.483Z	  npm audit fix --force
2026-03-11T17:26:21.483Z	
2026-03-11T17:26:21.483Z	Run `npm audit` for details.
2026-03-11T17:26:21.731Z	Executing user build command: npm run build
2026-03-11T17:26:22.663Z	
2026-03-11T17:26:22.664Z	> tiaoma@0.1.0 build
2026-03-11T17:26:22.664Z	> next build
2026-03-11T17:26:22.664Z	
2026-03-11T17:26:23.397Z	⚠ No build cache found. Please configure build caching for faster rebuilds. Read more: https://nextjs.org/docs/messages/no-cache
2026-03-11T17:26:23.402Z	Attention: Next.js now collects completely anonymous telemetry regarding usage.
2026-03-11T17:26:23.402Z	This information is used to shape Next.js' roadmap and prioritize features.
2026-03-11T17:26:23.403Z	You can learn more, including how to opt-out if you'd not like to participate in this anonymous program, by visiting the following URL:
2026-03-11T17:26:23.403Z	https://nextjs.org/telemetry
2026-03-11T17:26:23.403Z	
2026-03-11T17:26:23.468Z	  ▲ Next.js 14.2.21
2026-03-11T17:26:23.468Z	
2026-03-11T17:26:23.536Z	   Creating an optimized production build ...
2026-03-11T17:26:47.553Z	 ✓ Compiled successfully
2026-03-11T17:26:47.554Z	   Linting and checking validity of types ...
2026-03-11T17:26:54.270Z	   Collecting page data ...
2026-03-11T17:26:56.142Z	   Generating static pages (0/6) ...
2026-03-11T17:26:56.767Z	   Generating static pages (1/6) 
2026-03-11T17:26:56.768Z	   Generating static pages (2/6) 
2026-03-11T17:26:56.926Z	   Generating static pages (4/6) 
2026-03-11T17:26:56.996Z	 ✓ Generating static pages (6/6)
2026-03-11T17:26:57.189Z	   Finalizing page optimization ...
2026-03-11T17:26:57.193Z	   Collecting build traces ...
2026-03-11T17:27:03.724Z	
2026-03-11T17:27:03.738Z	Route (app)                              Size     First Load JS
2026-03-11T17:27:03.739Z	┌ ○ /                                    372 kB          459 kB
2026-03-11T17:27:03.739Z	├ ○ /_not-found                          873 B          88.2 kB
2026-03-11T17:27:03.739Z	├ ○ /robots.txt                          0 B                0 B
2026-03-11T17:27:03.741Z	└ ○ /sitemap.xml                         0 B                0 B
2026-03-11T17:27:03.741Z	+ First Load JS shared by all            87.3 kB
2026-03-11T17:27:03.741Z	  ├ chunks/117-ba6738fdeaf9e23a.js       31.7 kB
2026-03-11T17:27:03.741Z	  ├ chunks/fd9d1056-c02727ce548d42ae.js  53.6 kB
2026-03-11T17:27:03.742Z	  └ other shared chunks (total)          1.95 kB
2026-03-11T17:27:03.742Z	
2026-03-11T17:27:03.742Z	
2026-03-11T17:27:03.742Z	○  (Static)  prerendered as static content
2026-03-11T17:27:03.742Z	
2026-03-11T17:27:03.817Z	Success: Build command completed
2026-03-11T17:27:03.968Z	Executing user deploy command: npx wrangler deploy
2026-03-11T17:27:05.444Z	npm warn exec The following package was not found and will be installed: wrangler@4.72.0
2026-03-11T17:27:16.513Z	
2026-03-11T17:27:16.513Z	 ⛅️ wrangler 4.72.0
2026-03-11T17:27:16.513Z	───────────────────
2026-03-11T17:27:16.763Z	▲ [WARNING] It seems that you have run `wrangler deploy` on a Pages project, `wrangler pages deploy` should be used instead. Proceeding will likely produce unwanted results.
2026-03-11T17:27:16.763Z	
2026-03-11T17:27:16.764Z	
2026-03-11T17:27:16.766Z	? Are you sure that you want to proceed?
2026-03-11T17:27:16.766Z	🤖 Using fallback value in non-interactive context: yes
2026-03-11T17:27:16.773Z	
2026-03-11T17:27:16.774Z	Cloudflare collects anonymous telemetry about your usage of Wrangler. Learn more at https://github.com/cloudflare/workers-sdk/tree/main/packages/wrangler/telemetry.md
2026-03-11T17:27:16.776Z	
2026-03-11T17:27:16.783Z	✘ [ERROR] Missing entry-point to Worker script or to assets directory
2026-03-11T17:27:16.784Z	
2026-03-11T17:27:16.784Z	  
2026-03-11T17:27:16.784Z	  If there is code to deploy, you can either:
2026-03-11T17:27:16.784Z	  - Specify an entry-point to your Worker script via the command line (ex: `npx wrangler deploy src/index.ts`)
2026-03-11T17:27:16.784Z	  - Or add the following to your "wrangler.toml" file:
2026-03-11T17:27:16.784Z	  
2026-03-11T17:27:16.786Z	  ```
2026-03-11T17:27:16.786Z	  main = "src/index.ts"
2026-03-11T17:27:16.786Z	  
2026-03-11T17:27:16.786Z	  ```
2026-03-11T17:27:16.787Z	  
2026-03-11T17:27:16.787Z	  
2026-03-11T17:27:16.787Z	  If are uploading a directory of assets, you can either:
2026-03-11T17:27:16.787Z	  - Specify the path to the directory of assets via the command line: (ex: `npx wrangler deploy --assets=./dist`)
2026-03-11T17:27:16.789Z	  - Or add the following to your "wrangler.toml" file:
2026-03-11T17:27:16.789Z	  
2026-03-11T17:27:16.789Z	  ```
2026-03-11T17:27:16.789Z	  [assets]
2026-03-11T17:27:16.790Z	  directory = "./dist"
2026-03-11T17:27:16.790Z	  
2026-03-11T17:27:16.790Z	  ```
2026-03-11T17:27:16.790Z	  
2026-03-11T17:27:16.790Z	
2026-03-11T17:27:16.790Z	
2026-03-11T17:27:16.817Z	🪵  Logs were written to "/opt/buildhome/.config/.wrangler/logs/wrangler-2026-03-11_17-27-15_776.log"
2026-03-11T17:27:17.121Z	Failed: error occurred while running deploy command