2026-03-11T15:49:43.354Z	Initializing build environment...
2026-03-11T15:49:45.988Z	Success: Finished initializing build environment
2026-03-11T15:49:47.991Z	Cloning repository...
2026-03-11T15:49:49.529Z	Detected the following tools from environment: npm@10.9.2, nodejs@22.16.0
2026-03-11T15:49:49.530Z	Restoring from dependencies cache
2026-03-11T15:49:49.532Z	Restoring from build output cache
2026-03-11T15:49:49.746Z	Installing project dependencies: npm clean-install --progress=false
2026-03-11T15:50:04.411Z	npm warn deprecated rimraf@3.0.2: Rimraf versions prior to v4 are no longer supported
2026-03-11T15:50:08.980Z	npm warn deprecated inflight@1.0.6: This module is not supported, and leaks memory. Do not use it. Check out lru-cache if you want a good and tested way to coalesce async requests by a key value, which is much more comprehensive and powerful.
2026-03-11T15:50:11.885Z	npm warn deprecated eslint@8.57.1: This version is no longer supported. Please see https://eslint.org/version-support for other options.
2026-03-11T15:50:15.693Z	npm warn deprecated @humanwhocodes/object-schema@2.0.3: Use @eslint/object-schema instead
2026-03-11T15:50:15.713Z	npm warn deprecated @humanwhocodes/config-array@0.13.0: Use @eslint/config-array instead
2026-03-11T15:50:17.325Z	npm warn deprecated glob@7.2.3: Glob versions prior to v9 are no longer supported
2026-03-11T15:50:28.124Z	
2026-03-11T15:50:28.124Z	added 588 packages, and audited 589 packages in 38s
2026-03-11T15:50:28.124Z	
2026-03-11T15:50:28.125Z	178 packages are looking for funding
2026-03-11T15:50:28.125Z	  run `npm fund` for details
2026-03-11T15:50:28.249Z	
2026-03-11T15:50:28.249Z	4 vulnerabilities (3 high, 1 critical)
2026-03-11T15:50:28.250Z	
2026-03-11T15:50:28.250Z	To address all issues (including breaking changes), run:
2026-03-11T15:50:28.250Z	  npm audit fix --force
2026-03-11T15:50:28.250Z	
2026-03-11T15:50:28.250Z	Run `npm audit` for details.
2026-03-11T15:50:28.719Z	Executing user build command: npm run build
2026-03-11T15:50:29.029Z	
2026-03-11T15:50:29.030Z	> tiaoma@0.1.0 build
2026-03-11T15:50:29.030Z	> next build
2026-03-11T15:50:29.030Z	
2026-03-11T15:50:29.643Z	⚠ No build cache found. Please configure build caching for faster rebuilds. Read more: https://nextjs.org/docs/messages/no-cache
2026-03-11T15:50:29.649Z	Attention: Next.js now collects completely anonymous telemetry regarding usage.
2026-03-11T15:50:29.649Z	This information is used to shape Next.js' roadmap and prioritize features.
2026-03-11T15:50:29.649Z	You can learn more, including how to opt-out if you'd not like to participate in this anonymous program, by visiting the following URL:
2026-03-11T15:50:29.649Z	https://nextjs.org/telemetry
2026-03-11T15:50:29.649Z	
2026-03-11T15:50:29.711Z	  ▲ Next.js 14.2.21
2026-03-11T15:50:29.711Z	
2026-03-11T15:50:29.777Z	   Creating an optimized production build ...
2026-03-11T15:50:52.498Z	 ✓ Compiled successfully
2026-03-11T15:50:52.499Z	   Linting and checking validity of types ...
2026-03-11T15:50:59.323Z	   Collecting page data ...
2026-03-11T15:51:01.118Z	   Generating static pages (0/6) ...
2026-03-11T15:51:01.734Z	   Generating static pages (1/6) 
2026-03-11T15:51:01.734Z	   Generating static pages (2/6) 
2026-03-11T15:51:01.843Z	   Generating static pages (4/6) 
2026-03-11T15:51:02.017Z	 ✓ Generating static pages (6/6)
2026-03-11T15:51:02.316Z	   Finalizing page optimization ...
2026-03-11T15:51:02.317Z	   Collecting build traces ...
2026-03-11T15:51:08.717Z	
2026-03-11T15:51:08.730Z	Route (app)                              Size     First Load JS
2026-03-11T15:51:08.730Z	┌ ○ /                                    372 kB          459 kB
2026-03-11T15:51:08.730Z	├ ○ /_not-found                          873 B          88.2 kB
2026-03-11T15:51:08.730Z	├ ○ /robots.txt                          0 B                0 B
2026-03-11T15:51:08.730Z	└ ○ /sitemap.xml                         0 B                0 B
2026-03-11T15:51:08.730Z	+ First Load JS shared by all            87.3 kB
2026-03-11T15:51:08.730Z	  ├ chunks/117-ba6738fdeaf9e23a.js       31.7 kB
2026-03-11T15:51:08.730Z	  ├ chunks/fd9d1056-c02727ce548d42ae.js  53.6 kB
2026-03-11T15:51:08.730Z	  └ other shared chunks (total)          1.95 kB
2026-03-11T15:51:08.730Z	
2026-03-11T15:51:08.730Z	
2026-03-11T15:51:08.730Z	○  (Static)  prerendered as static content
2026-03-11T15:51:08.730Z	
2026-03-11T15:51:08.789Z	Success: Build command completed
2026-03-11T15:51:09.156Z	Executing user deploy command: npx wrangler deploy
2026-03-11T15:51:10.468Z	npm warn exec The following package was not found and will be installed: wrangler@4.72.0
2026-03-11T15:51:19.099Z	
2026-03-11T15:51:19.100Z	 ⛅️ wrangler 4.72.0
2026-03-11T15:51:19.100Z	───────────────────
2026-03-11T15:51:19.326Z	▲ [WARNING] It seems that you have run `wrangler deploy` on a Pages project, `wrangler pages deploy` should be used instead. Proceeding will likely produce unwanted results.
2026-03-11T15:51:19.326Z	
2026-03-11T15:51:19.326Z	
2026-03-11T15:51:19.326Z	? Are you sure that you want to proceed?
2026-03-11T15:51:19.326Z	🤖 Using fallback value in non-interactive context: yes
2026-03-11T15:51:19.339Z	
2026-03-11T15:51:19.340Z	Cloudflare collects anonymous telemetry about your usage of Wrangler. Learn more at https://github.com/cloudflare/workers-sdk/tree/main/packages/wrangler/telemetry.md
2026-03-11T15:51:19.340Z	
2026-03-11T15:51:19.340Z	✘ [ERROR] Missing entry-point to Worker script or to assets directory
2026-03-11T15:51:19.340Z	
2026-03-11T15:51:19.340Z	  
2026-03-11T15:51:19.340Z	  If there is code to deploy, you can either:
2026-03-11T15:51:19.340Z	  - Specify an entry-point to your Worker script via the command line (ex: `npx wrangler deploy src/index.ts`)
2026-03-11T15:51:19.341Z	  - Or add the following to your "wrangler.toml" file:
2026-03-11T15:51:19.341Z	  
2026-03-11T15:51:19.341Z	  ```
2026-03-11T15:51:19.343Z	  main = "src/index.ts"
2026-03-11T15:51:19.343Z	  
2026-03-11T15:51:19.344Z	  ```
2026-03-11T15:51:19.344Z	  
2026-03-11T15:51:19.344Z	  
2026-03-11T15:51:19.344Z	  If are uploading a directory of assets, you can either:
2026-03-11T15:51:19.344Z	  - Specify the path to the directory of assets via the command line: (ex: `npx wrangler deploy --assets=./dist`)
2026-03-11T15:51:19.344Z	  - Or add the following to your "wrangler.toml" file:
2026-03-11T15:51:19.344Z	  
2026-03-11T15:51:19.344Z	  ```
2026-03-11T15:51:19.344Z	  [assets]
2026-03-11T15:51:19.345Z	  directory = "./dist"
2026-03-11T15:51:19.345Z	  
2026-03-11T15:51:19.346Z	  ```
2026-03-11T15:51:19.347Z	  
2026-03-11T15:51:19.347Z	
2026-03-11T15:51:19.349Z	
2026-03-11T15:51:19.381Z	🪵  Logs were written to "/opt/buildhome/.config/.wrangler/logs/wrangler-2026-03-11_15-51-18_385.log"
2026-03-11T15:51:19.441Z	Failed: error occurred while running deploy command